<?xml version="1.0" encoding="UTF-8"?>
<testsuite xmlns:xsi="http://www.w3.org/2001/XMLSchema-instance" xsi:noNamespaceSchemaLocation="https://maven.apache.org/surefire/maven-surefire-plugin/xsd/surefire-test-report.xsd" name="com.charter.customer.rewards.RetailerCustomerRewardsRestApplicationTests" time="5.61" tests="8" errors="1" skipped="0" failures="1">
  <properties>
[...]
</properties>
  <testcase name="testCalculateRewardsforInvalidCustomer" classname="com.charter.customer.rewards.RetailerCustomerRewardsRestApplicationTests" time="0.136">
    <error type="java.lang.NullPointerException">java.lang.NullPointerException
	at com.charter.customer.rewards.RetailerCustomerRewardsRestApplicationTests.testCalculateRewardsforInvalidCustomer(RetailerCustomerRewardsRestApplicationTests.java:78)
</error>
    <system-out><![CDATA[18:58:29.385 [main] DEBUG org.springframework.test.context.BootstrapUtils - Instantiating CacheAwareContextLoaderDelegate from class [org.springframework.test.context.cache.DefaultCacheAwareContextLoaderDelegate]
18:58:29.396 [main] DEBUG org.springframework.test.context.BootstrapUtils - Instantiating BootstrapContext using constructor [public org.springframework.test.context.support.DefaultBootstrapContext(java.lang.Class,org.springframework.test.context.CacheAwareContextLoaderDelegate)]
18:58:29.433 [main] DEBUG org.springframework.test.context.BootstrapUtils - Instantiating TestContextBootstrapper for test class [com.charter.customer.rewards.RetailerCustomerRewardsRestApplicationTests] from class [org.springframework.boot.test.context.SpringBootTestContextBootstrapper]
18:58:29.445 [main] INFO org.springframework.boot.test.context.SpringBootTestContextBootstrapper - Neither @ContextConfiguration nor @ContextHierarchy found for test class [com.charter.customer.rewards.RetailerCustomerRewardsRestApplicationTests], using SpringBootContextLoader
18:58:29.448 [main] DEBUG org.springframework.test.context.support.AbstractContextLoader - Did not detect default resource location for test class [com.charter.customer.rewards.RetailerCustomerRewardsRestApplicationTests]: class path resource [com/charter/customer/rewards/RetailerCustomerRewardsRestApplicationTests-context.xml] does not exist
18:58:29.449 [main] DEBUG org.springframework.test.context.support.AbstractContextLoader - Did not detect default resource location for test class [com.charter.customer.rewards.RetailerCustomerRewardsRestApplicationTests]: class path resource [com/charter/customer/rewards/RetailerCustomerRewardsRestApplicationTestsContext.groovy] does not exist
18:58:29.449 [main] INFO org.springframework.test.context.support.AbstractContextLoader - Could not detect default resource locations for test class [com.charter.customer.rewards.RetailerCustomerRewardsRestApplicationTests]: no resource found for suffixes {-context.xml, Context.groovy}.
18:58:29.450 [main] INFO org.springframework.test.context.support.AnnotationConfigContextLoaderUtils - Could not detect default configuration classes for test class [com.charter.customer.rewards.RetailerCustomerRewardsRestApplicationTests]: RetailerCustomerRewardsRestApplicationTests does not declare any static, non-private, non-final, nested classes annotated with @Configuration.
18:58:29.502 [main] DEBUG org.springframework.test.context.support.ActiveProfilesUtils - Could not find an 'annotation declaring class' for annotation type [org.springframework.test.context.ActiveProfiles] and class [com.charter.customer.rewards.RetailerCustomerRewardsRestApplicationTests]
18:58:29.572 [main] DEBUG org.springframework.context.annotation.ClassPathScanningCandidateComponentProvider - Identified candidate component class: file [C:\BootWorkspace\RetailerCustomerRewardsREST\target\classes\com\charter\customer\rewards\RetailerCustomerRewardsRestApplication.class]
18:58:29.573 [main] INFO org.springframework.boot.test.context.SpringBootTestContextBootstrapper - Found @SpringBootConfiguration com.charter.customer.rewards.RetailerCustomerRewardsRestApplication for test class com.charter.customer.rewards.RetailerCustomerRewardsRestApplicationTests
18:58:29.681 [main] DEBUG org.springframework.boot.test.context.SpringBootTestContextBootstrapper - @TestExecutionListeners is not present for class [com.charter.customer.rewards.RetailerCustomerRewardsRestApplicationTests]: using defaults.
18:58:29.681 [main] INFO org.springframework.boot.test.context.SpringBootTestContextBootstrapper - Loaded default TestExecutionListener class names from location [META-INF/spring.factories]: [org.springframework.boot.test.mock.mockito.MockitoTestExecutionListener, org.springframework.boot.test.mock.mockito.ResetMocksTestExecutionListener, org.springframework.boot.test.autoconfigure.restdocs.RestDocsTestExecutionListener, org.springframework.boot.test.autoconfigure.web.client.MockRestServiceServerResetTestExecutionListener, org.springframework.boot.test.autoconfigure.web.servlet.MockMvcPrintOnlyOnFailureTestExecutionListener, org.springframework.boot.test.autoconfigure.web.servlet.WebDriverTestExecutionListener, org.springframework.boot.test.autoconfigure.webservices.client.MockWebServiceServerTestExecutionListener, org.springframework.test.context.web.ServletTestExecutionListener, org.springframework.test.context.support.DirtiesContextBeforeModesTestExecutionListener, org.springframework.test.context.event.ApplicationEventsTestExecutionListener, org.springframework.test.context.support.DependencyInjectionTestExecutionListener, org.springframework.test.context.support.DirtiesContextTestExecutionListener, org.springframework.test.context.transaction.TransactionalTestExecutionListener, org.springframework.test.context.jdbc.SqlScriptsTestExecutionListener, org.springframework.test.context.event.EventPublishingTestExecutionListener]
18:58:29.699 [main] INFO org.springframework.boot.test.context.SpringBootTestContextBootstrapper - Using TestExecutionListeners: [org.springframework.test.context.web.ServletTestExecutionListener@6c284af, org.springframework.test.context.support.DirtiesContextBeforeModesTestExecutionListener@5890e879, org.springframework.test.context.event.ApplicationEventsTestExecutionListener@6440112d, org.springframework.boot.test.mock.mockito.MockitoTestExecutionListener@31ea9581, org.springframework.boot.test.autoconfigure.SpringBootDependencyInjectionTestExecutionListener@231f98ef, org.springframework.test.context.support.DirtiesContextTestExecutionListener@7c137fd5, org.springframework.test.context.transaction.TransactionalTestExecutionListener@183ec003, org.springframework.test.context.jdbc.SqlScriptsTestExecutionListener@7d9d0818, org.springframework.test.context.event.EventPublishingTestExecutionListener@221a3fa4, org.springframework.boot.test.mock.mockito.ResetMocksTestExecutionListener@451001e5, org.springframework.boot.test.autoconfigure.restdocs.RestDocsTestExecutionListener@2b40ff9c, org.springframework.boot.test.autoconfigure.web.client.MockRestServiceServerResetTestExecutionListener@3e08ff24, org.springframework.boot.test.autoconfigure.web.servlet.MockMvcPrintOnlyOnFailureTestExecutionListener@4d1c005e, org.springframework.boot.test.autoconfigure.web.servlet.WebDriverTestExecutionListener@8462f31, org.springframework.boot.test.autoconfigure.webservices.client.MockWebServiceServerTestExecutionListener@24569dba]
18:58:29.704 [main] DEBUG org.springframework.test.context.support.AbstractDirtiesContextTestExecutionListener - Before test class: context [DefaultTestContext@6d60fe40 testClass = RetailerCustomerRewardsRestApplicationTests, testInstance = [null], testMethod = [null], testException = [null], mergedContextConfiguration = [WebMergedContextConfiguration@792b749c testClass = RetailerCustomerRewardsRestApplicationTests, locations = '{}', classes = '{class com.charter.customer.rewards.RetailerCustomerRewardsRestApplication}', contextInitializerClasses = '[]', activeProfiles = '{}', propertySourceLocations = '{}', propertySourceProperties = '{org.springframework.boot.test.context.SpringBootTestContextBootstrapper=true}', contextCustomizers = set[org.springframework.boot.test.context.filter.ExcludeFilterContextCustomizer@4f6ee6e4, org.springframework.boot.test.json.DuplicateJsonObjectContextCustomizerFactory$DuplicateJsonObjectContextCustomizer@6b927fb, org.springframework.boot.test.mock.mockito.MockitoContextCustomizer@0, org.springframework.boot.test.web.client.TestRestTemplateContextCustomizer@5158b42f, org.springframework.boot.test.autoconfigure.actuate.metrics.MetricsExportContextCustomizerFactory$DisableMetricExportContextCustomizer@79e2c065, org.springframework.boot.test.autoconfigure.properties.PropertyMappingContextCustomizer@0, org.springframework.boot.test.autoconfigure.web.servlet.WebDriverContextCustomizerFactory$Customizer@49139829, org.springframework.boot.test.context.SpringBootTestArgs@1, org.springframework.boot.test.context.SpringBootTestWebEnvironment@1593948d], resourceBasePath = 'src/main/webapp', contextLoader = 'org.springframework.boot.test.context.SpringBootContextLoader', parent = [null]], attributes = map['org.springframework.test.context.web.ServletTestExecutionListener.activateListener' -> true]], class annotated with @DirtiesContext [false] with mode [null].

  .   ____          _            __ _ _
 /\\ / ___'_ __ _ _(_)_ __  __ _ \ \ \ \
( ( )\___ | '_ | '_| | '_ \/ _` | \ \ \ \
 \\/  ___)| |_)| | | | | || (_| |  ) ) ) )
  '  |____| .__|_| |_|_| |_\__, | / / / /
 =========|_|==============|___/=/_/_/_/
 :: Spring Boot ::                (v2.6.6)

2022-04-04 18:58:30.026  INFO 30736 --- [           main] ailerCustomerRewardsRestApplicationTests : Starting RetailerCustomerRewardsRestApplicationTests using Java 1.8.0_231 on TRJAIN-6N3R4 with PID 30736 (started by trjain in C:\BootWorkspace\RetailerCustomerRewardsREST)
2022-04-04 18:58:30.027  INFO 30736 --- [           main] ailerCustomerRewardsRestApplicationTests : No active profile set, falling back to 1 default profile: "default"
2022-04-04 18:58:30.678  INFO 30736 --- [           main] .s.d.r.c.RepositoryConfigurationDelegate : Bootstrapping Spring Data JPA repositories in DEFAULT mode.
2022-04-04 18:58:30.740  INFO 30736 --- [           main] .s.d.r.c.RepositoryConfigurationDelegate : Finished Spring Data repository scanning in 53 ms. Found 1 JPA repository interfaces.
2022-04-04 18:58:31.283  INFO 30736 --- [           main] com.zaxxer.hikari.HikariDataSource       : HikariPool-1 - Starting...
2022-04-04 18:58:31.511  INFO 30736 --- [           main] com.zaxxer.hikari.HikariDataSource       : HikariPool-1 - Start completed.
2022-04-04 18:58:31.800  INFO 30736 --- [           main] o.hibernate.jpa.internal.util.LogHelper  : HHH000204: Processing PersistenceUnitInfo [name: default]
2022-04-04 18:58:31.859  INFO 30736 --- [           main] org.hibernate.Version                    : HHH000412: Hibernate ORM core version 5.6.7.Final
2022-04-04 18:58:32.035  INFO 30736 --- [           main] o.hibernate.annotations.common.Version   : HCANN000001: Hibernate Commons Annotations {5.1.2.Final}
2022-04-04 18:58:32.333  INFO 30736 --- [           main] org.hibernate.dialect.Dialect            : HHH000400: Using dialect: org.hibernate.dialect.H2Dialect
2022-04-04 18:58:33.033  INFO 30736 --- [           main] o.h.e.t.j.p.i.JtaPlatformInitiator       : HHH000490: Using JtaPlatform implementation: [org.hibernate.engine.transaction.jta.platform.internal.NoJtaPlatform]
2022-04-04 18:58:33.041  INFO 30736 --- [           main] j.LocalContainerEntityManagerFactoryBean : Initialized JPA EntityManagerFactory for persistence unit 'default'
2022-04-04 18:58:33.704  WARN 30736 --- [           main] JpaBaseConfiguration$JpaWebConfiguration : spring.jpa.open-in-view is enabled by default. Therefore, database queries may be performed during view rendering. Explicitly configure spring.jpa.open-in-view to disable this warning
2022-04-04 18:58:34.144  INFO 30736 --- [           main] o.s.b.a.h2.H2ConsoleAutoConfiguration    : H2 console available at '/h2'. Database available at 'jdbc:h2:mem:testdb'
2022-04-04 18:58:34.568  INFO 30736 --- [           main] ailerCustomerRewardsRestApplicationTests : Started RetailerCustomerRewardsRestApplicationTests in 4.819 seconds (JVM running for 5.841)
2022-04-04 18:58:34.786  INFO 30736 --- [           main] c.c.c.r.service.impl.RewardsServiceImpl  : calculateRewardsbyId method In RewardServiceImpl start....
2022-04-04 18:58:34.833  INFO 30736 --- [           main] c.c.c.r.service.impl.RewardsServiceImpl  : calculateRewardsbyId method In RewardServiceImpl end....
]]></system-out>
  </testcase>
  <testcase name="testCalculateRewardsforAmountAboveHundred" classname="com.charter.customer.rewards.RetailerCustomerRewardsRestApplicationTests" time="0.028"/>
  <testcase name="testCalculateRewardsforMultipleTransactions" classname="com.charter.customer.rewards.RetailerCustomerRewardsRestApplicationTests" time="0.009"/>
  <testcase name="testCalculateRewardsforAmountAboveFiftyBelowHundred" classname="com.charter.customer.rewards.RetailerCustomerRewardsRestApplicationTests" time="0.007"/>
  <testcase name="contextLoads" classname="com.charter.customer.rewards.RetailerCustomerRewardsRestApplicationTests" time="0.003"/>
  <testcase name="testCalculateRewardsforAmountBelowFifty" classname="com.charter.customer.rewards.RetailerCustomerRewardsRestApplicationTests" time="0.005"/>
  <testcase name="testCalculateRewardsforPastDate" classname="com.charter.customer.rewards.RetailerCustomerRewardsRestApplicationTests" time="0.008"/>
  <testcase name="testCalculateRewardsforHundred" classname="com.charter.customer.rewards.RetailerCustomerRewardsRestApplicationTests" time="0.012">
    <failure message="expected: &lt;50&gt; but was: &lt;0&gt;" type="org.opentest4j.AssertionFailedError"><![CDATA[org.opentest4j.AssertionFailedError: expected: <50> but was: <0>
	at com.charter.customer.rewards.RetailerCustomerRewardsRestApplicationTests.testCalculateRewardsforHundred(RetailerCustomerRewardsRestApplicationTests.java:71)
]]></failure>
    <system-out><![CDATA[2022-04-04 18:58:34.920  INFO 30736 --- [           main] c.c.c.r.service.impl.RewardsServiceImpl  : calculateRewardsbyId method In RewardServiceImpl start....
2022-04-04 18:58:34.922  INFO 30736 --- [           main] c.c.c.r.service.impl.RewardsServiceImpl  : calculateRewardsbyId method In RewardServiceImpl end....
Test Customer :::: Sassy
]]></system-out>
  </testcase>
</testsuite>